14:02:33.883 INFO - Selenium build info: version: '3.6.0', revision: '6fbf3ec767'
14:02:33.884 INFO - Launching a standalone Selenium Server
2018-02-18 14:02:33.930:INFO::main: Logging initialized @482ms to org.seleniumhq.jetty9.util.log.StdErrLog
14:02:34.000 INFO - Driver class not found: com.opera.core.systems.OperaDriver
14:02:34.028 INFO - Driver provider class org.openqa.selenium.ie.InternetExplorerDriver registration is skipped:
 registration capabilities Capabilities [{ensureCleanSession=true, browserName=internet explorer, version=, platform=WINDOWS}] does not match the current platform MAC
14:02:34.029 INFO - Driver provider class org.openqa.selenium.edge.EdgeDriver registration is skipped:
 registration capabilities Capabilities [{browserName=MicrosoftEdge, version=, platform=WINDOWS}] does not match the current platform MAC
14:02:34.071 INFO - Using the passthrough mode handler
2018-02-18 14:02:34.102:INFO:osjs.Server:main: jetty-9.4.5.v20170502
2018-02-18 14:02:34.140:WARN:osjs.SecurityHandler:main: ServletContext@o.s.j.s.ServletContextHandler@7d20d0b{/,null,STARTING} has uncovered http methods for path: /
2018-02-18 14:02:34.147:INFO:osjsh.ContextHandler:main: Started o.s.j.s.ServletContextHandler@7d20d0b{/,null,AVAILABLE}
2018-02-18 14:02:34.182:INFO:osjs.AbstractConnector:main: Started ServerConnector@609db43b{HTTP/1.1,[http/1.1]}{0.0.0.0:4445}
2018-02-18 14:02:34.183:INFO:osjs.Server:main: Started @735ms
14:02:34.183 INFO - Selenium Server is up and running
2018-02-18 14:02:34.471:INFO:osjshC.ROOT:qtp1906808037-12: org.openqa.selenium.remote.server.WebDriverServlet-72967906: Initialising WebDriverServlet
14:02:34.526 INFO - Binding default provider to: org.openqa.selenium.chrome.ChromeDriverService
14:02:34.528 INFO - Found handler: org.openqa.selenium.remote.server.commandhandler.BeginSession@16ab9d64
14:02:34.535 INFO - /session: Executing POST on /session (handler: BeginSession)
14:02:34.590 INFO - Capabilities are: Capabilities {acceptSslCerts=true, name=Tests, browserName=chrome, javascriptEnabled=true, platformName=ANY, platform=ANY, }
14:02:34.591 INFO - Capabilities {acceptSslCerts=true, name=Tests, browserName=chrome, javascriptEnabled=true, platformName=ANY, platform=ANY, } matched class org.openqa.selenium.remote.server.ServicedSession$Factory (provider: org.openqa.selenium.chrome.ChromeDriverService)
14:02:34.592 INFO - Capabilities {acceptSslCerts=true, name=Tests, browserName=chrome, javascriptEnabled=true, platformName=ANY, platform=ANY, } matched class org.openqa.selenium.remote.server.ServicedSession$Factory (provider: org.openqa.selenium.chrome.ChromeDriverService)
Starting ChromeDriver 2.33.506106 (8a06c39c4582fbfbab6966dbb1c38a9173bfb1a2) on port 39635
Only local connections are allowed.
14:02:36.390 INFO - Found handler: org.openqa.selenium.remote.server.ServicedSession@56f1dec2
14:02:36.390 INFO - Handler thread for session cc63cef29e9adc2c169894f179ae001b (chrome): Executing POST on /session/cc63cef29e9adc2c169894f179ae001b/url (handler: ServicedSession)
14:02:36.394 INFO - To upstream: {"url":"http://localhost:3000"}
14:02:37.123 INFO - To downstream: {"sessionId":"cc63cef29e9adc2c169894f179ae001b","status":0,"value":null}
14:02:37.132 INFO - Found handler: org.openqa.selenium.remote.server.ServicedSession@56f1dec2
14:02:37.133 INFO - Handler thread for session cc63cef29e9adc2c169894f179ae001b (chrome): Executing POST on /session/cc63cef29e9adc2c169894f179ae001b/elements (handler: ServicedSession)
14:02:37.135 INFO - To upstream: {"using":"css selector","value":"h1[name=\"promptText\"]"}
14:02:37.151 INFO - To downstream: {"sessionId":"cc63cef29e9adc2c169894f179ae001b","status":0,"value":[{"ELEMENT":"0.959331924465064-1"}]}
14:02:37.158 INFO - Found handler: org.openqa.selenium.remote.server.ServicedSession@56f1dec2
14:02:37.159 INFO - Handler thread for session cc63cef29e9adc2c169894f179ae001b (chrome): Executing GET on /session/cc63cef29e9adc2c169894f179ae001b/element/0.959331924465064-1/displayed (handler: ServicedSession)
14:02:37.175 INFO - To downstream: {"sessionId":"cc63cef29e9adc2c169894f179ae001b","status":0,"value":true}
14:02:37.181 INFO - Found handler: org.openqa.selenium.remote.server.ServicedSession@56f1dec2
14:02:37.182 INFO - Handler thread for session cc63cef29e9adc2c169894f179ae001b (chrome): Executing POST on /session/cc63cef29e9adc2c169894f179ae001b/elements (handler: ServicedSession)
14:02:37.184 INFO - To upstream: {"using":"css selector","value":"h1[name=\"promptText\"]"}
14:02:37.194 INFO - To downstream: {"sessionId":"cc63cef29e9adc2c169894f179ae001b","status":0,"value":[{"ELEMENT":"0.959331924465064-1"}]}
14:02:37.204 INFO - Found handler: org.openqa.selenium.remote.server.ServicedSession@56f1dec2
14:02:37.204 INFO - Handler thread for session cc63cef29e9adc2c169894f179ae001b (chrome): Executing GET on /session/cc63cef29e9adc2c169894f179ae001b/element/0.959331924465064-1/text (handler: ServicedSession)
14:02:37.230 INFO - To downstream: {"sessionId":"cc63cef29e9adc2c169894f179ae001b","status":0,"value":"Home Loan Wizard"}
14:02:37.236 INFO - Found handler: org.openqa.selenium.remote.server.ServicedSession@56f1dec2
14:02:37.236 INFO - Handler thread for session cc63cef29e9adc2c169894f179ae001b (chrome): Executing POST on /session/cc63cef29e9adc2c169894f179ae001b/elements (handler: ServicedSession)
14:02:37.238 INFO - To upstream: {"using":"css selector","value":"button[class=home-btn]"}
14:02:37.261 INFO - To downstream: {"sessionId":"cc63cef29e9adc2c169894f179ae001b","status":0,"value":[{"ELEMENT":"0.959331924465064-2"}]}
14:02:37.267 INFO - Found handler: org.openqa.selenium.remote.server.ServicedSession@56f1dec2
14:02:37.267 INFO - Handler thread for session cc63cef29e9adc2c169894f179ae001b (chrome): Executing GET on /session/cc63cef29e9adc2c169894f179ae001b/element/0.959331924465064-2/text (handler: ServicedSession)
14:02:37.304 INFO - To downstream: {"sessionId":"cc63cef29e9adc2c169894f179ae001b","status":0,"value":"Get Started"}
14:02:37.314 INFO - Found handler: org.openqa.selenium.remote.server.ServicedSession@56f1dec2
14:02:37.315 INFO - Handler thread for session cc63cef29e9adc2c169894f179ae001b (chrome): Executing POST on /session/cc63cef29e9adc2c169894f179ae001b/element (handler: ServicedSession)
14:02:37.316 INFO - To upstream: {"using":"css selector","value":"button[class=home-btn]"}
14:02:37.346 INFO - To downstream: {"sessionId":"cc63cef29e9adc2c169894f179ae001b","status":0,"value":{"ELEMENT":"0.959331924465064-2"}}
14:02:37.351 INFO - Found handler: org.openqa.selenium.remote.server.ServicedSession@56f1dec2
14:02:37.351 INFO - Handler thread for session cc63cef29e9adc2c169894f179ae001b (chrome): Executing POST on /session/cc63cef29e9adc2c169894f179ae001b/element/0.959331924465064-2/click (handler: ServicedSession)
14:02:37.353 INFO - To upstream: 
14:02:37.448 INFO - To downstream: {"sessionId":"cc63cef29e9adc2c169894f179ae001b","status":0,"value":null}
14:02:37.459 INFO - Found handler: org.openqa.selenium.remote.server.ServicedSession@56f1dec2
14:02:37.460 INFO - Handler thread for session cc63cef29e9adc2c169894f179ae001b (chrome): Executing POST on /session/cc63cef29e9adc2c169894f179ae001b/elements (handler: ServicedSession)
14:02:37.463 INFO - To upstream: {"using":"css selector","value":"p[name=\"promptText2\"]"}
14:02:37.481 INFO - To downstream: {"sessionId":"cc63cef29e9adc2c169894f179ae001b","status":0,"value":[{"ELEMENT":"0.959331924465064-3"}]}
14:02:37.484 INFO - Found handler: org.openqa.selenium.remote.server.ServicedSession@56f1dec2
14:02:37.485 INFO - Handler thread for session cc63cef29e9adc2c169894f179ae001b (chrome): Executing GET on /session/cc63cef29e9adc2c169894f179ae001b/element/0.959331924465064-3/displayed (handler: ServicedSession)
14:02:37.499 INFO - To downstream: {"sessionId":"cc63cef29e9adc2c169894f179ae001b","status":0,"value":true}
14:02:37.505 INFO - Found handler: org.openqa.selenium.remote.server.ServicedSession@56f1dec2
14:02:37.506 INFO - Handler thread for session cc63cef29e9adc2c169894f179ae001b (chrome): Executing POST on /session/cc63cef29e9adc2c169894f179ae001b/elements (handler: ServicedSession)
14:02:37.508 INFO - To upstream: {"using":"css selector","value":"p[name=\"promptText1\"]"}
14:02:37.527 INFO - To downstream: {"sessionId":"cc63cef29e9adc2c169894f179ae001b","status":0,"value":[{"ELEMENT":"0.959331924465064-4"}]}
14:02:37.532 INFO - Found handler: org.openqa.selenium.remote.server.ServicedSession@56f1dec2
14:02:37.533 INFO - Handler thread for session cc63cef29e9adc2c169894f179ae001b (chrome): Executing GET on /session/cc63cef29e9adc2c169894f179ae001b/element/0.959331924465064-4/text (handler: ServicedSession)
14:02:37.551 INFO - To downstream: {"sessionId":"cc63cef29e9adc2c169894f179ae001b","status":0,"value":"What type of loan will you be needing?"}
14:02:37.555 INFO - Found handler: org.openqa.selenium.remote.server.ServicedSession@56f1dec2
14:02:37.556 INFO - Handler thread for session cc63cef29e9adc2c169894f179ae001b (chrome): Executing POST on /session/cc63cef29e9adc2c169894f179ae001b/elements (handler: ServicedSession)
14:02:37.558 INFO - To upstream: {"using":"css selector","value":"select[id=\"loanTypes\"]"}
14:02:37.581 INFO - To downstream: {"sessionId":"cc63cef29e9adc2c169894f179ae001b","status":0,"value":[{"ELEMENT":"0.959331924465064-5"}]}
14:02:37.585 INFO - Found handler: org.openqa.selenium.remote.server.ServicedSession@56f1dec2
14:02:37.585 INFO - Handler thread for session cc63cef29e9adc2c169894f179ae001b (chrome): Executing GET on /session/cc63cef29e9adc2c169894f179ae001b/element/0.959331924465064-5/text (handler: ServicedSession)
14:02:37.604 INFO - To downstream: {"sessionId":"cc63cef29e9adc2c169894f179ae001b","status":0,"value":"Home Purchase\nRefinance\nHome Equity Loan/Line of Credit"}
14:02:37.609 INFO - Found handler: org.openqa.selenium.remote.server.ServicedSession@56f1dec2
14:02:37.609 INFO - Handler thread for session cc63cef29e9adc2c169894f179ae001b (chrome): Executing POST on /session/cc63cef29e9adc2c169894f179ae001b/element (handler: ServicedSession)
14:02:37.611 INFO - To upstream: {"using":"css selector","value":"select[id=\"loanTypes\"]"}
14:02:37.631 INFO - To downstream: {"sessionId":"cc63cef29e9adc2c169894f179ae001b","status":0,"value":{"ELEMENT":"0.959331924465064-5"}}
14:02:37.635 INFO - Found handler: org.openqa.selenium.remote.server.ServicedSession@56f1dec2
14:02:37.635 INFO - Handler thread for session cc63cef29e9adc2c169894f179ae001b (chrome): Executing POST on /session/cc63cef29e9adc2c169894f179ae001b/element/0.959331924465064-5/click (handler: ServicedSession)
14:02:37.637 INFO - To upstream: 
14:02:37.719 INFO - To downstream: {"sessionId":"cc63cef29e9adc2c169894f179ae001b","status":0,"value":null}
14:02:37.726 INFO - Found handler: org.openqa.selenium.remote.server.ServicedSession@56f1dec2
14:02:37.726 INFO - Handler thread for session cc63cef29e9adc2c169894f179ae001b (chrome): Executing POST on /session/cc63cef29e9adc2c169894f179ae001b/elements (handler: ServicedSession)
14:02:37.728 INFO - To upstream: {"using":"css selector","value":"option[value=\"Home Equity\"]"}
14:02:37.742 INFO - To downstream: {"sessionId":"cc63cef29e9adc2c169894f179ae001b","status":0,"value":[{"ELEMENT":"0.959331924465064-6"}]}
14:02:37.745 INFO - Found handler: org.openqa.selenium.remote.server.ServicedSession@56f1dec2
14:02:37.746 INFO - Handler thread for session cc63cef29e9adc2c169894f179ae001b (chrome): Executing GET on /session/cc63cef29e9adc2c169894f179ae001b/element/0.959331924465064-6/text (handler: ServicedSession)
14:02:37.763 INFO - To downstream: {"sessionId":"cc63cef29e9adc2c169894f179ae001b","status":0,"value":"Home Equity Loan/Line of Credit"}
14:02:37.770 INFO - Found handler: org.openqa.selenium.remote.server.ServicedSession@56f1dec2
14:02:37.770 INFO - Handler thread for session cc63cef29e9adc2c169894f179ae001b (chrome): Executing POST on /session/cc63cef29e9adc2c169894f179ae001b/elements (handler: ServicedSession)
14:02:37.772 INFO - To upstream: {"using":"css selector","value":"option[value=\"Home Purchase\"]"}
14:02:37.789 INFO - To downstream: {"sessionId":"cc63cef29e9adc2c169894f179ae001b","status":0,"value":[{"ELEMENT":"0.959331924465064-7"}]}
14:02:37.796 INFO - Found handler: org.openqa.selenium.remote.server.ServicedSession@56f1dec2
14:02:37.796 INFO - Handler thread for session cc63cef29e9adc2c169894f179ae001b (chrome): Executing GET on /session/cc63cef29e9adc2c169894f179ae001b/element/0.959331924465064-7/text (handler: ServicedSession)
14:02:37.816 INFO - To downstream: {"sessionId":"cc63cef29e9adc2c169894f179ae001b","status":0,"value":"Home Purchase"}
14:02:37.821 INFO - Found handler: org.openqa.selenium.remote.server.ServicedSession@56f1dec2
14:02:37.821 INFO - Handler thread for session cc63cef29e9adc2c169894f179ae001b (chrome): Executing POST on /session/cc63cef29e9adc2c169894f179ae001b/elements (handler: ServicedSession)
14:02:37.823 INFO - To upstream: {"using":"css selector","value":"option[value=\"Refinance\"]"}
14:02:37.842 INFO - To downstream: {"sessionId":"cc63cef29e9adc2c169894f179ae001b","status":0,"value":[{"ELEMENT":"0.959331924465064-8"}]}
14:02:37.847 INFO - Found handler: org.openqa.selenium.remote.server.ServicedSession@56f1dec2
14:02:37.848 INFO - Handler thread for session cc63cef29e9adc2c169894f179ae001b (chrome): Executing GET on /session/cc63cef29e9adc2c169894f179ae001b/element/0.959331924465064-8/text (handler: ServicedSession)
14:02:37.865 INFO - To downstream: {"sessionId":"cc63cef29e9adc2c169894f179ae001b","status":0,"value":"Refinance"}
14:02:37.870 INFO - Found handler: org.openqa.selenium.remote.server.ServicedSession@56f1dec2
14:02:37.871 INFO - Handler thread for session cc63cef29e9adc2c169894f179ae001b (chrome): Executing POST on /session/cc63cef29e9adc2c169894f179ae001b/element (handler: ServicedSession)
14:02:37.873 INFO - To upstream: {"using":"css selector","value":"option[value=\"Home Equity\"]"}
14:02:37.891 INFO - To downstream: {"sessionId":"cc63cef29e9adc2c169894f179ae001b","status":0,"value":{"ELEMENT":"0.959331924465064-6"}}
14:02:37.897 INFO - Found handler: org.openqa.selenium.remote.server.ServicedSession@56f1dec2
14:02:37.897 INFO - Handler thread for session cc63cef29e9adc2c169894f179ae001b (chrome): Executing POST on /session/cc63cef29e9adc2c169894f179ae001b/element/0.959331924465064-6/click (handler: ServicedSession)
14:02:37.898 INFO - To upstream: 
14:02:38.182 INFO - To downstream: {"sessionId":"cc63cef29e9adc2c169894f179ae001b","status":0,"value":null}
14:02:38.187 INFO - Found handler: org.openqa.selenium.remote.server.ServicedSession@56f1dec2
14:02:38.188 INFO - Handler thread for session cc63cef29e9adc2c169894f179ae001b (chrome): Executing POST on /session/cc63cef29e9adc2c169894f179ae001b/elements (handler: ServicedSession)
14:02:38.189 INFO - To upstream: {"using":"css selector","value":"select[id=\"propertyTypes\"]"}
14:02:38.204 INFO - To downstream: {"sessionId":"cc63cef29e9adc2c169894f179ae001b","status":0,"value":[{"ELEMENT":"0.959331924465064-9"}]}
14:02:38.208 INFO - Found handler: org.openqa.selenium.remote.server.ServicedSession@56f1dec2
14:02:38.208 INFO - Handler thread for session cc63cef29e9adc2c169894f179ae001b (chrome): Executing GET on /session/cc63cef29e9adc2c169894f179ae001b/element/0.959331924465064-9/text (handler: ServicedSession)
14:02:38.228 INFO - To downstream: {"sessionId":"cc63cef29e9adc2c169894f179ae001b","status":0,"value":"Single Family Home\nTown Home\nCondo\nMulti Family Dwelling\nMobile Home"}
14:02:38.234 INFO - Found handler: org.openqa.selenium.remote.server.ServicedSession@56f1dec2
14:02:38.234 INFO - Handler thread for session cc63cef29e9adc2c169894f179ae001b (chrome): Executing POST on /session/cc63cef29e9adc2c169894f179ae001b/element (handler: ServicedSession)
14:02:38.236 INFO - To upstream: {"using":"css selector","value":"select[id=\"propertyTypes\"]"}
14:02:38.254 INFO - To downstream: {"sessionId":"cc63cef29e9adc2c169894f179ae001b","status":0,"value":{"ELEMENT":"0.959331924465064-9"}}
14:02:38.261 INFO - Found handler: org.openqa.selenium.remote.server.ServicedSession@56f1dec2
14:02:38.261 INFO - Handler thread for session cc63cef29e9adc2c169894f179ae001b (chrome): Executing POST on /session/cc63cef29e9adc2c169894f179ae001b/element/0.959331924465064-9/click (handler: ServicedSession)
14:02:38.263 INFO - To upstream: 
14:02:38.542 INFO - To downstream: {"sessionId":"cc63cef29e9adc2c169894f179ae001b","status":0,"value":null}
14:02:38.548 INFO - Found handler: org.openqa.selenium.remote.server.ServicedSession@56f1dec2
14:02:38.549 INFO - Handler thread for session cc63cef29e9adc2c169894f179ae001b (chrome): Executing POST on /session/cc63cef29e9adc2c169894f179ae001b/elements (handler: ServicedSession)
14:02:38.552 INFO - To upstream: {"using":"css selector","value":"option[value=\"Single Family Home\"]"}
14:02:38.575 INFO - To downstream: {"sessionId":"cc63cef29e9adc2c169894f179ae001b","status":0,"value":[{"ELEMENT":"0.959331924465064-10"}]}
14:02:38.579 INFO - Found handler: org.openqa.selenium.remote.server.ServicedSession@56f1dec2
14:02:38.580 INFO - Handler thread for session cc63cef29e9adc2c169894f179ae001b (chrome): Executing GET on /session/cc63cef29e9adc2c169894f179ae001b/element/0.959331924465064-10/text (handler: ServicedSession)
14:02:38.605 INFO - To downstream: {"sessionId":"cc63cef29e9adc2c169894f179ae001b","status":0,"value":"Single Family Home"}
14:02:38.610 INFO - Found handler: org.openqa.selenium.remote.server.ServicedSession@56f1dec2
14:02:38.610 INFO - Handler thread for session cc63cef29e9adc2c169894f179ae001b (chrome): Executing POST on /session/cc63cef29e9adc2c169894f179ae001b/elements (handler: ServicedSession)
14:02:38.612 INFO - To upstream: {"using":"css selector","value":"option[value=\"Condo\"]"}
14:02:38.635 INFO - To downstream: {"sessionId":"cc63cef29e9adc2c169894f179ae001b","status":0,"value":[{"ELEMENT":"0.959331924465064-11"}]}
14:02:38.640 INFO - Found handler: org.openqa.selenium.remote.server.ServicedSession@56f1dec2
14:02:38.640 INFO - Handler thread for session cc63cef29e9adc2c169894f179ae001b (chrome): Executing GET on /session/cc63cef29e9adc2c169894f179ae001b/element/0.959331924465064-11/text (handler: ServicedSession)
14:02:38.666 INFO - To downstream: {"sessionId":"cc63cef29e9adc2c169894f179ae001b","status":0,"value":"Condo"}
14:02:38.671 INFO - Found handler: org.openqa.selenium.remote.server.ServicedSession@56f1dec2
14:02:38.672 INFO - Handler thread for session cc63cef29e9adc2c169894f179ae001b (chrome): Executing POST on /session/cc63cef29e9adc2c169894f179ae001b/elements (handler: ServicedSession)
14:02:38.674 INFO - To upstream: {"using":"css selector","value":"option[value=\"Mobile Home\"]"}
14:02:38.696 INFO - To downstream: {"sessionId":"cc63cef29e9adc2c169894f179ae001b","status":0,"value":[{"ELEMENT":"0.959331924465064-12"}]}
14:02:38.701 INFO - Found handler: org.openqa.selenium.remote.server.ServicedSession@56f1dec2
14:02:38.701 INFO - Handler thread for session cc63cef29e9adc2c169894f179ae001b (chrome): Executing GET on /session/cc63cef29e9adc2c169894f179ae001b/element/0.959331924465064-12/text (handler: ServicedSession)
14:02:38.727 INFO - To downstream: {"sessionId":"cc63cef29e9adc2c169894f179ae001b","status":0,"value":"Mobile Home"}
14:02:38.733 INFO - Found handler: org.openqa.selenium.remote.server.ServicedSession@56f1dec2
14:02:38.734 INFO - Handler thread for session cc63cef29e9adc2c169894f179ae001b (chrome): Executing POST on /session/cc63cef29e9adc2c169894f179ae001b/elements (handler: ServicedSession)
14:02:38.736 INFO - To upstream: {"using":"css selector","value":"option[value=\"Multi Family Dwelling\"]"}
14:02:38.757 INFO - To downstream: {"sessionId":"cc63cef29e9adc2c169894f179ae001b","status":0,"value":[{"ELEMENT":"0.959331924465064-13"}]}
14:02:38.762 INFO - Found handler: org.openqa.selenium.remote.server.ServicedSession@56f1dec2
14:02:38.763 INFO - Handler thread for session cc63cef29e9adc2c169894f179ae001b (chrome): Executing GET on /session/cc63cef29e9adc2c169894f179ae001b/element/0.959331924465064-13/text (handler: ServicedSession)
14:02:38.806 INFO - To downstream: {"sessionId":"cc63cef29e9adc2c169894f179ae001b","status":0,"value":"Multi Family Dwelling"}
14:02:38.810 INFO - Found handler: org.openqa.selenium.remote.server.ServicedSession@56f1dec2
14:02:38.811 INFO - Handler thread for session cc63cef29e9adc2c169894f179ae001b (chrome): Executing POST on /session/cc63cef29e9adc2c169894f179ae001b/elements (handler: ServicedSession)
14:02:38.813 INFO - To upstream: {"using":"css selector","value":"option[value=\"Town Home\"]"}
14:02:38.841 INFO - To downstream: {"sessionId":"cc63cef29e9adc2c169894f179ae001b","status":0,"value":[{"ELEMENT":"0.959331924465064-14"}]}
14:02:38.846 INFO - Found handler: org.openqa.selenium.remote.server.ServicedSession@56f1dec2
14:02:38.846 INFO - Handler thread for session cc63cef29e9adc2c169894f179ae001b (chrome): Executing GET on /session/cc63cef29e9adc2c169894f179ae001b/element/0.959331924465064-14/text (handler: ServicedSession)
14:02:38.873 INFO - To downstream: {"sessionId":"cc63cef29e9adc2c169894f179ae001b","status":0,"value":"Town Home"}
14:02:38.877 INFO - Found handler: org.openqa.selenium.remote.server.ServicedSession@56f1dec2
14:02:38.878 INFO - Handler thread for session cc63cef29e9adc2c169894f179ae001b (chrome): Executing POST on /session/cc63cef29e9adc2c169894f179ae001b/element (handler: ServicedSession)
14:02:38.880 INFO - To upstream: {"using":"css selector","value":"button[name=\"nextButton\"]"}
14:02:38.905 INFO - To downstream: {"sessionId":"cc63cef29e9adc2c169894f179ae001b","status":0,"value":{"ELEMENT":"0.959331924465064-15"}}
14:02:38.908 INFO - Found handler: org.openqa.selenium.remote.server.ServicedSession@56f1dec2
14:02:38.909 INFO - Handler thread for session cc63cef29e9adc2c169894f179ae001b (chrome): Executing POST on /session/cc63cef29e9adc2c169894f179ae001b/element/0.959331924465064-15/click (handler: ServicedSession)
14:02:38.910 INFO - To upstream: 
14:02:38.978 INFO - To downstream: {"sessionId":"cc63cef29e9adc2c169894f179ae001b","status":0,"value":null}
14:02:38.983 INFO - Found handler: org.openqa.selenium.remote.server.ServicedSession@56f1dec2
14:02:38.984 INFO - Handler thread for session cc63cef29e9adc2c169894f179ae001b (chrome): Executing POST on /session/cc63cef29e9adc2c169894f179ae001b/elements (handler: ServicedSession)
14:02:38.986 INFO - To upstream: {"using":"css selector","value":"input[name=\"city\"]"}
14:02:39.018 INFO - To downstream: {"sessionId":"cc63cef29e9adc2c169894f179ae001b","status":0,"value":[]}
14:02:39.527 INFO - Found handler: org.openqa.selenium.remote.server.ServicedSession@56f1dec2
14:02:39.528 INFO - Handler thread for session cc63cef29e9adc2c169894f179ae001b (chrome): Executing POST on /session/cc63cef29e9adc2c169894f179ae001b/elements (handler: ServicedSession)
14:02:39.530 INFO - To upstream: {"using":"css selector","value":"input[name=\"city\"]"}
14:02:39.543 INFO - To downstream: {"sessionId":"cc63cef29e9adc2c169894f179ae001b","status":0,"value":[]}
14:02:40.053 INFO - Found handler: org.openqa.selenium.remote.server.ServicedSession@56f1dec2
14:02:40.054 INFO - Handler thread for session cc63cef29e9adc2c169894f179ae001b (chrome): Executing POST on /session/cc63cef29e9adc2c169894f179ae001b/elements (handler: ServicedSession)
14:02:40.056 INFO - To upstream: {"using":"css selector","value":"input[name=\"city\"]"}
14:02:40.070 INFO - To downstream: {"sessionId":"cc63cef29e9adc2c169894f179ae001b","status":0,"value":[]}
14:02:40.579 INFO - Found handler: org.openqa.selenium.remote.server.ServicedSession@56f1dec2
14:02:40.579 INFO - Handler thread for session cc63cef29e9adc2c169894f179ae001b (chrome): Executing POST on /session/cc63cef29e9adc2c169894f179ae001b/elements (handler: ServicedSession)
14:02:40.582 INFO - To upstream: {"using":"css selector","value":"input[name=\"city\"]"}
14:02:40.596 INFO - To downstream: {"sessionId":"cc63cef29e9adc2c169894f179ae001b","status":0,"value":[]}
14:02:41.105 INFO - Found handler: org.openqa.selenium.remote.server.ServicedSession@56f1dec2
14:02:41.105 INFO - Handler thread for session cc63cef29e9adc2c169894f179ae001b (chrome): Executing POST on /session/cc63cef29e9adc2c169894f179ae001b/elements (handler: ServicedSession)
14:02:41.108 INFO - To upstream: {"using":"css selector","value":"input[name=\"city\"]"}
14:02:41.118 INFO - To downstream: {"sessionId":"cc63cef29e9adc2c169894f179ae001b","status":0,"value":[]}
14:02:41.627 INFO - Found handler: org.openqa.selenium.remote.server.ServicedSession@56f1dec2
14:02:41.628 INFO - Handler thread for session cc63cef29e9adc2c169894f179ae001b (chrome): Executing POST on /session/cc63cef29e9adc2c169894f179ae001b/elements (handler: ServicedSession)
14:02:41.631 INFO - To upstream: {"using":"css selector","value":"input[name=\"city\"]"}
14:02:41.642 INFO - To downstream: {"sessionId":"cc63cef29e9adc2c169894f179ae001b","status":0,"value":[]}
14:02:42.149 INFO - Found handler: org.openqa.selenium.remote.server.ServicedSession@56f1dec2
14:02:42.149 INFO - Handler thread for session cc63cef29e9adc2c169894f179ae001b (chrome): Executing POST on /session/cc63cef29e9adc2c169894f179ae001b/elements (handler: ServicedSession)
14:02:42.151 INFO - To upstream: {"using":"css selector","value":"input[name=\"city\"]"}
14:02:42.163 INFO - To downstream: {"sessionId":"cc63cef29e9adc2c169894f179ae001b","status":0,"value":[]}
14:02:42.170 INFO - Found handler: org.openqa.selenium.remote.server.ServicedSession@56f1dec2
14:02:42.170 INFO - Handler thread for session cc63cef29e9adc2c169894f179ae001b (chrome): Executing DELETE on /session/cc63cef29e9adc2c169894f179ae001b (handler: ServicedSession)
14:02:42.227 INFO - To downstream: {"sessionId":"cc63cef29e9adc2c169894f179ae001b","status":0,"value":null}
14:02:42.234 INFO - Removing session org.openqa.selenium.remote.server.ServicedSession@56f1dec2
14:02:42.267 INFO - To downstream: {"sessionId":"","status":0,"value":null}
